#
# There is insufficient memory for the Java Runtime Environment to continue.
# Native memory allocation (malloc) failed to allocate 1100336 bytes for Chunk::new
# Possible reasons:
#   The system is out of physical RAM or swap space
#   The process is running with CompressedOops enabled, and the Java Heap may be blocking the growth of the native heap
# Possible solutions:
#   Reduce memory load on the system
#   Increase physical memory or swap space
#   Check if swap backing store is full
#   Decrease Java heap size (-Xmx/-Xms)
#   Decrease number of Java threads
#   Decrease Java thread stack sizes (-Xss)
#   Set larger code cache with -XX:ReservedCodeCacheSize=
#   JVM is running with Unscaled Compressed Oops mode in which the Java heap is
#     placed in the first 4GB address space. The Java Heap base address is the
#     maximum limit for the native heap growth. Please use -XX:HeapBaseMinAddress
#     to set the Java Heap base and to place the Java Heap above 4GB virtual address.
# This output file may be truncated or incomplete.
#
#  Out of Memory Error (./src/hotspot/share/memory/arena.cpp:197), pid=7568, tid=10320
#
# JRE version: OpenJDK Runtime Environment (11.0.10) (build 11.0.10+0-b96-7249189)
# Java VM: OpenJDK 64-Bit Server VM (11.0.10+0-b96-7249189, mixed mode, tiered, compressed oops, g1 gc, windows-amd64)
# No core dump will be written. Minidumps are not enabled by default on client versions of Windows
#

---------------  S U M M A R Y ------------

Command Line: --add-opens=java.base/java.util=ALL-UNNAMED --add-opens=java.base/java.lang=ALL-UNNAMED --add-opens=java.base/java.lang.invoke=ALL-UNNAMED --add-opens=java.base/java.util=ALL-UNNAMED --add-opens=java.prefs/java.util.prefs=ALL-UNNAMED --add-opens=java.prefs/java.util.prefs=ALL-UNNAMED --add-opens=java.base/java.nio.charset=ALL-UNNAMED --add-opens=java.base/java.net=ALL-UNNAMED --add-opens=java.base/java.util.concurrent.atomic=ALL-UNNAMED -Xmx2048m -Dfile.encoding=UTF-8 -Duser.country=BR -Duser.language=pt -Duser.variant org.gradle.launcher.daemon.bootstrap.GradleDaemon 7.0.2

Host: Intel(R) Core(TM) i5-6200U CPU @ 2.30GHz, 4 cores, 7G,  Windows 10 , 64 bit Build 19041 (10.0.19041.1348)
Time: Fri Jan 14 13:26:25 2022 Hora oficial do Brasil elapsed time: 4346.755755 seconds (0d 1h 12m 26s)

---------------  T H R E A D  ---------------

Current thread (0x0000026678cb3000):  JavaThread "C2 CompilerThread1" daemon [_thread_in_native, id=10320, stack(0x0000008c2df00000,0x0000008c2e000000)]


Current CompileTask:
C2:4346755 19605       4       java.util.TreeMap::put (247 bytes)

Stack: [0x0000008c2df00000,0x0000008c2e000000]
Native frames: (J=compiled Java code, j=interpreted, Vv=VM code, C=native code)
V  [jvm.dll+0x5ecfaa]
V  [jvm.dll+0x722bd5]
V  [jvm.dll+0x72412d]
V  [jvm.dll+0x7247e3]
V  [jvm.dll+0x242928]
V  [jvm.dll+0xbc4fc]
V  [jvm.dll+0xbca0c]
V  [jvm.dll+0x352d3b]
V  [jvm.dll+0x320ad3]
V  [jvm.dll+0x31ffca]
V  [jvm.dll+0x1fb602]
V  [jvm.dll+0x1fa7f4]
V  [jvm.dll+0x18354c]
V  [jvm.dll+0x208ee7]
V  [jvm.dll+0x207731]
V  [jvm.dll+0x6eb1cf]
V  [jvm.dll+0x6e3d45]
V  [jvm.dll+0x5ebe96]
C  [ucrtbase.dll+0x21bb2]
C  [KERNEL32.DLL+0x17034]
C  [ntdll.dll+0x52651]


---------------  P R O C E S S  ---------------

Threads class SMR info:
_java_thread_list=0x0000026678771850, length=62, elements={
0x00000266557fd000, 0x000002666fb5e800, 0x000002666fb62000, 0x000002666fb78000,
0x000002666fb7a800, 0x000002666fb7c800, 0x000002666fb89800, 0x000002666fb8a800,
0x000002666fb91800, 0x0000026670659000, 0x0000026671d2a800, 0x0000026672071800,
0x0000026671eef000, 0x00000266725f6000, 0x00000266725f7800, 0x00000266725f4800,
0x00000266725f8800, 0x00000266725f7000, 0x00000266717ff800, 0x0000026671800800,
0x0000026671801000, 0x00000266717fd000, 0x0000026671807000, 0x0000026671809800,
0x000002667180a000, 0x000002667a24d800, 0x000002667a250000, 0x000002667a251800,
0x000002667a252800, 0x000002667a24c800, 0x000002667a254800, 0x000002667a256800,
0x000002667a253000, 0x000002667a254000, 0x000002667a255800, 0x000002667a250800,
0x000002667a257000, 0x000002667a258000, 0x000002667a259800, 0x000002667a25a800,
0x000002667a25b800, 0x0000026671802000, 0x0000026671807800, 0x0000026671806000,
0x0000026671808800, 0x0000026671803000, 0x0000026671803800, 0x00000266725f9800,
0x00000266725f5000, 0x00000266725fa000, 0x000002667a259000, 0x0000026678cb1800,
0x0000026678cb4000, 0x0000026678cb5000, 0x0000026678caf000, 0x0000026678cb5800,
0x0000026678cb0000, 0x0000026678cb0800, 0x0000026678cb7000, 0x0000026678cb8000,
0x0000026678cb9000, 0x0000026678cb3000
}

Java Threads: ( => current thread )
  0x00000266557fd000 JavaThread "main" [_thread_blocked, id=3000, stack(0x0000008c29900000,0x0000008c29a00000)]
  0x000002666fb5e800 JavaThread "Reference Handler" daemon [_thread_blocked, id=4848, stack(0x0000008c2a000000,0x0000008c2a100000)]
  0x000002666fb62000 JavaThread "Finalizer" daemon [_thread_blocked, id=10132, stack(0x0000008c2a100000,0x0000008c2a200000)]
  0x000002666fb78000 JavaThread "Signal Dispatcher" daemon [_thread_blocked, id=6336, stack(0x0000008c2a200000,0x0000008c2a300000)]
  0x000002666fb7a800 JavaThread "Attach Listener" daemon [_thread_blocked, id=2092, stack(0x0000008c2a300000,0x0000008c2a400000)]
  0x000002666fb7c800 JavaThread "Service Thread" daemon [_thread_blocked, id=3324, stack(0x0000008c2a400000,0x0000008c2a500000)]
  0x000002666fb89800 JavaThread "C2 CompilerThread0" daemon [_thread_in_native, id=5092, stack(0x0000008c2a500000,0x0000008c2a600000)]
  0x000002666fb8a800 JavaThread "C1 CompilerThread0" daemon [_thread_in_native, id=8124, stack(0x0000008c2a600000,0x0000008c2a700000)]
  0x000002666fb91800 JavaThread "Sweeper thread" daemon [_thread_blocked, id=10212, stack(0x0000008c2a700000,0x0000008c2a800000)]
  0x0000026670659000 JavaThread "Common-Cleaner" daemon [_thread_blocked, id=8848, stack(0x0000008c2a800000,0x0000008c2a900000)]
  0x0000026671d2a800 JavaThread "Daemon health stats" [_thread_blocked, id=2556, stack(0x0000008c2ac00000,0x0000008c2ad00000)]
  0x0000026672071800 JavaThread "Incoming local TCP Connector on port 55948" [_thread_in_native, id=10232, stack(0x0000008c2ad00000,0x0000008c2ae00000)]
  0x0000026671eef000 JavaThread "Daemon periodic checks" [_thread_blocked, id=4392, stack(0x0000008c2ae00000,0x0000008c2af00000)]
  0x00000266725f6000 JavaThread "Cache worker for file hash cache (C:\Users\usuario\.gradle\caches\7.0.2\fileHashes)" [_thread_blocked, id=11008, stack(0x0000008c2b700000,0x0000008c2b800000)]
  0x00000266725f7800 JavaThread "File lock request listener" [_thread_in_native, id=4992, stack(0x0000008c2b800000,0x0000008c2b900000)]
  0x00000266725f4800 JavaThread "Cache worker for journal cache (C:\Users\usuario\.gradle\caches\journal-1)" [_thread_blocked, id=6236, stack(0x0000008c2b900000,0x0000008c2ba00000)]
  0x00000266725f8800 JavaThread "File watcher server" daemon [_thread_in_native, id=6724, stack(0x0000008c2bb00000,0x0000008c2bc00000)]
  0x00000266725f7000 JavaThread "File watcher consumer" daemon [_thread_blocked, id=7464, stack(0x0000008c2bc00000,0x0000008c2bd00000)]
  0x00000266717ff800 JavaThread "Cache worker for execution history cache (C:\Users\usuario\.gradle\caches\7.0.2\executionHistory)" [_thread_blocked, id=6704, stack(0x0000008c2c000000,0x0000008c2c100000)]
  0x0000026671800800 JavaThread "jar transforms" [_thread_blocked, id=10176, stack(0x0000008c2c100000,0x0000008c2c200000)]
  0x0000026671801000 JavaThread "jar transforms Thread 2" [_thread_blocked, id=5148, stack(0x0000008c2c200000,0x0000008c2c300000)]
  0x00000266717fd000 JavaThread "Cache worker for file content cache (C:\Users\usuario\.gradle\caches\7.0.2\fileContent)" [_thread_blocked, id=2068, stack(0x0000008c2c300000,0x0000008c2c400000)]
  0x0000026671807000 JavaThread "jar transforms Thread 3" [_thread_blocked, id=5492, stack(0x0000008c2c600000,0x0000008c2c700000)]
  0x0000026671809800 JavaThread "jar transforms Thread 4" [_thread_blocked, id=7708, stack(0x0000008c2cc00000,0x0000008c2cd00000)]
  0x000002667180a000 JavaThread "Memory manager" [_thread_blocked, id=6816, stack(0x0000008c2cd00000,0x0000008c2ce00000)]
  0x000002667a24d800 JavaThread "Daemon Thread 4" [_thread_blocked, id=3068, stack(0x0000008c29600000,0x0000008c29700000)]
  0x000002667a250000 JavaThread "Handler for socket connection from /127.0.0.1:55948 to /127.0.0.1:56263" [_thread_in_native, id=7032, stack(0x0000008c29700000,0x0000008c29800000)]
  0x000002667a251800 JavaThread "Cancel handler" [_thread_blocked, id=1808, stack(0x0000008c29800000,0x0000008c29900000)]
  0x000002667a252800 JavaThread "Daemon worker Thread 4" [_thread_blocked, id=4908, stack(0x0000008c2af00000,0x0000008c2b000000)]
  0x000002667a24c800 JavaThread "Asynchronous log dispatcher for DefaultDaemonConnection: socket connection from /127.0.0.1:55948 to /127.0.0.1:56263" [_thread_blocked, id=4104, stack(0x0000008c2b000000,0x0000008c2b100000)]
  0x000002667a254800 JavaThread "Stdin handler" [_thread_blocked, id=924, stack(0x0000008c2b100000,0x0000008c2b200000)]
  0x000002667a256800 JavaThread "Daemon client event forwarder" [_thread_blocked, id=11040, stack(0x0000008c2b200000,0x0000008c2b300000)]
  0x000002667a253000 JavaThread "Cache worker for file hash cache (C:\Users\usuario\Desktop\gitRepositories\Pokedex_with_Poke_API_V2_native_Android\.gradle\7.0.2\fileHashes)" [_thread_blocked, id=880, stack(0x0000008c2b300000,0x0000008c2b400000)]
  0x000002667a254000 JavaThread "Cache worker for checksums cache (C:\Users\usuario\Desktop\gitRepositories\Pokedex_with_Poke_API_V2_native_Android\.gradle\checksums)" [_thread_blocked, id=8328, stack(0x0000008c2b400000,0x0000008c2b500000)]
  0x000002667a255800 JavaThread "Cache worker for cache directory md-supplier (C:\Users\usuario\.gradle\caches\7.0.2\md-supplier)" [_thread_blocked, id=9524, stack(0x0000008c2b500000,0x0000008c2b600000)]
  0x000002667a250800 JavaThread "Cache worker for cache directory md-rule (C:\Users\usuario\.gradle\caches\7.0.2\md-rule)" [_thread_blocked, id=7116, stack(0x0000008c2ba00000,0x0000008c2bb00000)]
  0x000002667a257000 JavaThread "Cache worker for dependencies-accessors (C:\Users\usuario\Desktop\gitRepositories\Pokedex_with_Poke_API_V2_native_Android\.gradle\7.0.2\dependencies-accessors)" [_thread_blocked, id=9160, stack(0x0000008c2bd00000,0x0000008c2be00000)]
  0x000002667a258000 JavaThread "Cache worker for Build Output Cleanup Cache (C:\Users\usuario\Desktop\gitRepositories\Pokedex_with_Poke_API_V2_native_Android\.gradle\buildOutputCleanup)" [_thread_blocked, id=11260, stack(0x0000008c2be00000,0x0000008c2bf00000)]
  0x000002667a259800 JavaThread "Build operations" [_thread_blocked, id=9716, stack(0x0000008c2c400000,0x0000008c2c500000)]
  0x000002667a25a800 JavaThread "Build operations Thread 2" [_thread_blocked, id=1172, stack(0x0000008c2c500000,0x0000008c2c600000)]
  0x000002667a25b800 JavaThread "Build operations Thread 3" [_thread_blocked, id=7052, stack(0x0000008c2c700000,0x0000008c2c800000)]
  0x0000026671802000 JavaThread "Build operations Thread 4" [_thread_blocked, id=10740, stack(0x0000008c2c800000,0x0000008c2c900000)]
  0x0000026671807800 JavaThread "build event listener" [_thread_blocked, id=4000, stack(0x0000008c2c900000,0x0000008c2ca00000)]
  0x0000026671806000 JavaThread "Execution worker for ':'" [_thread_blocked, id=2288, stack(0x0000008c2ca00000,0x0000008c2cb00000)]
  0x0000026671808800 JavaThread "Execution worker for ':' Thread 2" [_thread_blocked, id=5828, stack(0x0000008c2cb00000,0x0000008c2cc00000)]
  0x0000026671803000 JavaThread "Execution worker for ':' Thread 3" [_thread_in_Java, id=8524, stack(0x0000008c2ce00000,0x0000008c2cf00000)]
  0x0000026671803800 JavaThread "Cache worker for execution history cache (C:\Users\usuario\Desktop\gitRepositories\Pokedex_with_Poke_API_V2_native_Android\.gradle\7.0.2\executionHistory)" [_thread_blocked, id=5624, stack(0x0000008c2cf00000,0x0000008c2d000000)]
  0x00000266725f9800 JavaThread "WorkerExecutor Queue" [_thread_blocked, id=11020, stack(0x0000008c2d200000,0x0000008c2d300000)]
  0x00000266725f5000 JavaThread "WorkerExecutor Queue Thread 2" [_thread_blocked, id=4228, stack(0x0000008c2d300000,0x0000008c2d400000)]
  0x00000266725fa000 JavaThread "pool-8-thread-1" [_thread_blocked, id=2636, stack(0x0000008c2d400000,0x0000008c2d500000)]
  0x000002667a259000 JavaThread "stderr" [_thread_in_native, id=7800, stack(0x0000008c2d500000,0x0000008c2d600000)]
  0x0000026678cb1800 JavaThread "stdout" [_thread_in_native, id=2864, stack(0x0000008c2d600000,0x0000008c2d700000)]
  0x0000026678cb4000 JavaThread "RMI Scheduler(0)" daemon [_thread_blocked, id=10956, stack(0x0000008c2bf00000,0x0000008c2c000000)]
  0x0000026678cb5000 JavaThread "RMI GC Daemon" daemon [_thread_blocked, id=1068, stack(0x0000008c2d800000,0x0000008c2d900000)]
  0x0000026678caf000 JavaThread "RMI TCP Accept-0" daemon [_thread_in_native, id=8440, stack(0x0000008c2d900000,0x0000008c2da00000)]
  0x0000026678cb5800 JavaThread "RMI Reaper" [_thread_blocked, id=9456, stack(0x0000008c2da00000,0x0000008c2db00000)]
  0x0000026678cb0000 JavaThread "RMI TCP Connection(idle)" daemon [_thread_blocked, id=4312, stack(0x0000008c2dc00000,0x0000008c2dd00000)]
  0x0000026678cb0800 JavaThread "WorkerExecutor Queue Thread 3" [_thread_blocked, id=10872, stack(0x0000008c2d700000,0x0000008c2d800000)]
  0x0000026678cb7000 JavaThread "RMI RenewClean-[127.0.0.1:17637,org.jetbrains.kotlin.daemon.common.LoopbackNetworkInterface$ClientLoopbackSocketFactory@632a1328]" daemon [_thread_blocked, id=120, stack(0x0000008c2dd00000,0x0000008c2de00000)]
  0x0000026678cb8000 JavaThread "RMI TCP Connection(2)-127.0.0.1" daemon [_thread_in_native, id=4920, stack(0x0000008c2de00000,0x0000008c2df00000)]
  0x0000026678cb9000 JavaThread "RMI TCP Connection(3)-127.0.0.1" daemon [_thread_in_native, id=1624, stack(0x0000008c2db00000,0x0000008c2dc00000)]
=>0x0000026678cb3000 JavaThread "C2 CompilerThread1" daemon [_thread_in_native, id=10320, stack(0x0000008c2df00000,0x0000008c2e000000)]

Other Threads:
  0x000002666fb58800 VMThread "VM Thread" [stack: 0x0000008c29f00000,0x0000008c2a000000] [id=9948]
  0x0000026670686800 WatcherThread [stack: 0x0000008c2a900000,0x0000008c2aa00000] [id=3536]
  0x0000026655815000 GCTaskThread "GC Thread#0" [stack: 0x0000008c29a00000,0x0000008c29b00000] [id=7716]
  0x0000026670f9a800 GCTaskThread "GC Thread#1" [stack: 0x0000008c2aa00000,0x0000008c2ab00000] [id=7744]
  0x0000026670f52800 GCTaskThread "GC Thread#2" [stack: 0x0000008c2ab00000,0x0000008c2ac00000] [id=9844]
  0x0000026672935800 GCTaskThread "GC Thread#3" [stack: 0x0000008c2b600000,0x0000008c2b700000] [id=6960]
  0x0000026655847800 ConcurrentGCThread "G1 Main Marker" [stack: 0x0000008c29b00000,0x0000008c29c00000] [id=10736]
  0x0000026655848800 ConcurrentGCThread "G1 Conc#0" [stack: 0x0000008c29c00000,0x0000008c29d00000] [id=1684]
  0x00000266558d9000 ConcurrentGCThread "G1 Refine#0" [stack: 0x0000008c29d00000,0x0000008c29e00000] [id=10188]
  0x0000026679e2e800 ConcurrentGCThread "G1 Refine#1" [stack: 0x0000008c2d000000,0x0000008c2d100000] [id=7704]
  0x00000266786ed000 ConcurrentGCThread "G1 Refine#2" [stack: 0x0000008c2d100000,0x0000008c2d200000] [id=3780]
  0x00000266558da000 ConcurrentGCThread "G1 Young RemSet Sampling" [stack: 0x0000008c29e00000,0x0000008c29f00000] [id=1316]

Threads with active compile tasks:
C2 CompilerThread04346821 19544       4       org.gradle.api.internal.changedetection.state.SplitFileHasher::hash (44 bytes)
C1 CompilerThread04346821 19612       3       org.objectweb.asm.ClassReader::readCode (5109 bytes)
C2 CompilerThread14346821 19605       4       java.util.TreeMap::put (247 bytes)

VM state:not at safepoint (normal execution)

VM Mutex/Monitor currently owned by a thread: None

Heap address: 0x0000000080000000, size: 2048 MB, Compressed Oops mode: 32-bit
Narrow klass base: 0x0000000000000000, Narrow klass shift: 3
Compressed class space size: 1073741824 Address: 0x0000000100000000

Heap:
 garbage-first heap   total 227328K, used 146726K [0x0000000080000000, 0x0000000100000000)
  region size 1024K, 34 young (34816K), 8 survivors (8192K)
 Metaspace       used 117652K, capacity 120509K, committed 120812K, reserved 1155072K
  class space    used 14287K, capacity 15332K, committed 15436K, reserved 1048576K
Heap Regions: E=young(eden), S=young(survivor), O=old, HS=humongous(starts), HC=humongous(continues), CS=collection set, F=free, A=archive, TAMS=top-at-mark-start (previous, next)
|   0|0x0000000080000000, 0x0000000080100000, 0x0000000080100000|100%| O|  |TAMS 0x0000000080100000, 0x0000000080000000| Untracked 
|   1|0x0000000080100000, 0x0000000080200000, 0x0000000080200000|100%| O|  |TAMS 0x0000000080200000, 0x0000000080100000| Untracked 
|   2|0x0000000080200000, 0x0000000080300000, 0x0000000080300000|100%| O|  |TAMS 0x0000000080300000, 0x0000000080200000| Untracked 
|   3|0x0000000080300000, 0x0000000080400000, 0x0000000080400000|100%|HS|  |TAMS 0x0000000080400000, 0x0000000080300000| Complete 
|   4|0x0000000080400000, 0x0000000080500000, 0x0000000080500000|100%|HC|  |TAMS 0x0000000080500000, 0x0000000080400000| Complete 
|   5|0x0000000080500000, 0x0000000080600000, 0x0000000080600000|100%|HC|  |TAMS 0x0000000080600000, 0x0000000080500000| Complete 
|   6|0x0000000080600000, 0x0000000080700000, 0x0000000080700000|100%| O|  |TAMS 0x0000000080700000, 0x0000000080600000| Untracked 
|   7|0x0000000080700000, 0x0000000080800000, 0x0000000080800000|100%| O|  |TAMS 0x0000000080800000, 0x0000000080700000| Untracked 
|   8|0x0000000080800000, 0x0000000080900000, 0x0000000080900000|100%| O|  |TAMS 0x0000000080900000, 0x0000000080800000| Untracked 
|   9|0x0000000080900000, 0x0000000080a00000, 0x0000000080a00000|100%| O|  |TAMS 0x0000000080a00000, 0x0000000080900000| Untracked 
|  10|0x0000000080a00000, 0x0000000080b00000, 0x0000000080b00000|100%| O|  |TAMS 0x0000000080b00000, 0x0000000080a00000| Untracked 
|  11|0x0000000080b00000, 0x0000000080c00000, 0x0000000080c00000|100%| O|  |TAMS 0x0000000080c00000, 0x0000000080b00000| Untracked 
|  12|0x0000000080c00000, 0x0000000080d00000, 0x0000000080d00000|100%| O|  |TAMS 0x0000000080d00000, 0x0000000080c00000| Untracked 
|  13|0x0000000080d00000, 0x0000000080e00000, 0x0000000080e00000|100%| O|  |TAMS 0x0000000080e00000, 0x0000000080d00000| Untracked 
|  14|0x0000000080e00000, 0x0000000080f00000, 0x0000000080f00000|100%| O|  |TAMS 0x0000000080f00000, 0x0000000080e00000| Untracked 
|  15|0x0000000080f00000, 0x0000000081000000, 0x0000000081000000|100%| O|  |TAMS 0x0000000081000000, 0x0000000080f00000| Untracked 
|  16|0x0000000081000000, 0x0000000081100000, 0x0000000081100000|100%|HS|  |TAMS 0x0000000081100000, 0x0000000081000000| Complete 
|  17|0x0000000081100000, 0x0000000081200000, 0x0000000081200000|100%| O|  |TAMS 0x0000000081200000, 0x0000000081100000| Untracked 
|  18|0x0000000081200000, 0x0000000081300000, 0x0000000081300000|100%| O|  |TAMS 0x0000000081300000, 0x0000000081200000| Untracked 
|  19|0x0000000081300000, 0x0000000081400000, 0x0000000081400000|100%| O|  |TAMS 0x0000000081400000, 0x0000000081300000| Untracked 
|  20|0x0000000081400000, 0x0000000081500000, 0x0000000081500000|100%| O|  |TAMS 0x0000000081500000, 0x0000000081400000| Untracked 
|  21|0x0000000081500000, 0x0000000081600000, 0x0000000081600000|100%| O|  |TAMS 0x0000000081600000, 0x0000000081500000| Untracked 
|  22|0x0000000081600000, 0x0000000081700000, 0x0000000081700000|100%| O|  |TAMS 0x0000000081700000, 0x0000000081600000| Untracked 
|  23|0x0000000081700000, 0x0000000081800000, 0x0000000081800000|100%|HS|  |TAMS 0x0000000081800000, 0x0000000081700000| Complete 
|  24|0x0000000081800000, 0x0000000081900000, 0x0000000081900000|100%|HS|  |TAMS 0x0000000081900000, 0x0000000081800000| Complete 
|  25|0x0000000081900000, 0x0000000081a00000, 0x0000000081a00000|100%|HS|  |TAMS 0x0000000081a00000, 0x0000000081900000| Complete 
|  26|0x0000000081a00000, 0x0000000081b00000, 0x0000000081b00000|100%|HC|  |TAMS 0x0000000081b00000, 0x0000000081a00000| Complete 
|  27|0x0000000081b00000, 0x0000000081c00000, 0x0000000081c00000|100%|HC|  |TAMS 0x0000000081c00000, 0x0000000081b00000| Complete 
|  28|0x0000000081c00000, 0x0000000081d00000, 0x0000000081d00000|100%|HS|  |TAMS 0x0000000081d00000, 0x0000000081c00000| Complete 
|  29|0x0000000081d00000, 0x0000000081e00000, 0x0000000081e00000|100%|HC|  |TAMS 0x0000000081e00000, 0x0000000081d00000| Complete 
|  30|0x0000000081e00000, 0x0000000081f00000, 0x0000000081f00000|100%| O|  |TAMS 0x0000000081f00000, 0x0000000081e00000| Untracked 
|  31|0x0000000081f00000, 0x0000000082000000, 0x0000000082000000|100%| O|  |TAMS 0x0000000082000000, 0x0000000081f00000| Untracked 
|  32|0x0000000082000000, 0x0000000082100000, 0x0000000082100000|100%| O|  |TAMS 0x0000000082100000, 0x0000000082000000| Untracked 
|  33|0x0000000082100000, 0x0000000082200000, 0x0000000082200000|100%|HS|  |TAMS 0x0000000082100000, 0x0000000082100000| Complete 
|  34|0x0000000082200000, 0x0000000082300000, 0x0000000082300000|100%| O|  |TAMS 0x0000000082300000, 0x0000000082200000| Untracked 
|  35|0x0000000082300000, 0x0000000082400000, 0x0000000082400000|100%| O|  |TAMS 0x0000000082400000, 0x0000000082300000| Untracked 
|  36|0x0000000082400000, 0x0000000082500000, 0x0000000082500000|100%| O|  |TAMS 0x0000000082500000, 0x0000000082400000| Untracked 
|  37|0x0000000082500000, 0x0000000082600000, 0x0000000082600000|100%| O|  |TAMS 0x0000000082600000, 0x0000000082500000| Untracked 
|  38|0x0000000082600000, 0x0000000082700000, 0x0000000082700000|100%| O|  |TAMS 0x0000000082700000, 0x0000000082600000| Untracked 
|  39|0x0000000082700000, 0x0000000082800000, 0x0000000082800000|100%| O|  |TAMS 0x0000000082800000, 0x0000000082700000| Untracked 
|  40|0x0000000082800000, 0x0000000082900000, 0x0000000082900000|100%| O|  |TAMS 0x0000000082900000, 0x0000000082800000| Untracked 
|  41|0x0000000082900000, 0x0000000082a00000, 0x0000000082a00000|100%| O|  |TAMS 0x0000000082a00000, 0x0000000082900000| Untracked 
|  42|0x0000000082a00000, 0x0000000082b00000, 0x0000000082b00000|100%| O|  |TAMS 0x0000000082b00000, 0x0000000082a00000| Untracked 
|  43|0x0000000082b00000, 0x0000000082c00000, 0x0000000082c00000|100%| O|  |TAMS 0x0000000082c00000, 0x0000000082b00000| Untracked 
|  44|0x0000000082c00000, 0x0000000082d00000, 0x0000000082d00000|100%| O|  |TAMS 0x0000000082d00000, 0x0000000082c00000| Untracked 
|  45|0x0000000082d00000, 0x0000000082e00000, 0x0000000082e00000|100%| O|  |TAMS 0x0000000082e00000, 0x0000000082d00000| Untracked 
|  46|0x0000000082e00000, 0x0000000082f00000, 0x0000000082f00000|100%| O|  |TAMS 0x0000000082f00000, 0x0000000082e00000| Untracked 
|  47|0x0000000082f00000, 0x0000000083000000, 0x0000000083000000|100%| O|  |TAMS 0x0000000083000000, 0x0000000082f00000| Untracked 
|  48|0x0000000083000000, 0x0000000083100000, 0x0000000083100000|100%| O|  |TAMS 0x0000000083100000, 0x0000000083000000| Untracked 
|  49|0x0000000083100000, 0x0000000083200000, 0x0000000083200000|100%| O|  |TAMS 0x0000000083200000, 0x0000000083100000| Untracked 
|  50|0x0000000083200000, 0x0000000083300000, 0x0000000083300000|100%| O|  |TAMS 0x0000000083300000, 0x0000000083200000| Untracked 
|  51|0x0000000083300000, 0x0000000083400000, 0x0000000083400000|100%| O|  |TAMS 0x0000000083400000, 0x0000000083300000| Untracked 
|  52|0x0000000083400000, 0x0000000083500000, 0x0000000083500000|100%| O|  |TAMS 0x0000000083500000, 0x0000000083400000| Untracked 
|  53|0x0000000083500000, 0x0000000083600000, 0x0000000083600000|100%| O|  |TAMS 0x0000000083600000, 0x0000000083500000| Untracked 
|  54|0x0000000083600000, 0x0000000083600000, 0x0000000083700000|  0%| F|  |TAMS 0x0000000083600000, 0x0000000083600000| Untracked 
|  55|0x0000000083700000, 0x0000000083800000, 0x0000000083800000|100%| O|  |TAMS 0x0000000083800000, 0x0000000083700000| Untracked 
|  56|0x0000000083800000, 0x0000000083900000, 0x0000000083900000|100%| O|  |TAMS 0x0000000083900000, 0x0000000083800000| Untracked 
|  57|0x0000000083900000, 0x0000000083a00000, 0x0000000083a00000|100%| O|  |TAMS 0x0000000083a00000, 0x0000000083900000| Untracked 
|  58|0x0000000083a00000, 0x0000000083b00000, 0x0000000083b00000|100%| O|  |TAMS 0x0000000083b00000, 0x0000000083a00000| Untracked 
|  59|0x0000000083b00000, 0x0000000083c00000, 0x0000000083c00000|100%| O|  |TAMS 0x0000000083c00000, 0x0000000083b00000| Untracked 
|  60|0x0000000083c00000, 0x0000000083d00000, 0x0000000083d00000|100%| O|  |TAMS 0x0000000083d00000, 0x0000000083c00000| Untracked 
|  61|0x0000000083d00000, 0x0000000083e00000, 0x0000000083e00000|100%| O|  |TAMS 0x0000000083e00000, 0x0000000083d00000| Untracked 
|  62|0x0000000083e00000, 0x0000000083f00000, 0x0000000083f00000|100%| O|  |TAMS 0x0000000083f00000, 0x0000000083e00000| Untracked 
|  63|0x0000000083f00000, 0x0000000083f00000, 0x0000000084000000|  0%| F|  |TAMS 0x0000000083f00000, 0x0000000083f00000| Untracked 
|  64|0x0000000084000000, 0x0000000084100000, 0x0000000084100000|100%| O|  |TAMS 0x0000000084100000, 0x0000000084000000| Untracked 
|  65|0x0000000084100000, 0x0000000084200000, 0x0000000084200000|100%| O|  |TAMS 0x0000000084200000, 0x0000000084100000| Untracked 
|  66|0x0000000084200000, 0x0000000084300000, 0x0000000084300000|100%| O|  |TAMS 0x0000000084300000, 0x0000000084200000| Untracked 
|  67|0x0000000084300000, 0x0000000084400000, 0x0000000084400000|100%| O|  |TAMS 0x0000000084400000, 0x0000000084300000| Untracked 
|  68|0x0000000084400000, 0x0000000084500000, 0x0000000084500000|100%| O|  |TAMS 0x0000000084500000, 0x0000000084400000| Untracked 
|  69|0x0000000084500000, 0x0000000084500000, 0x0000000084600000|  0%| F|  |TAMS 0x0000000084500000, 0x0000000084500000| Untracked 
|  70|0x0000000084600000, 0x0000000084700000, 0x0000000084700000|100%| O|  |TAMS 0x0000000084700000, 0x0000000084600000| Untracked 
|  71|0x0000000084700000, 0x0000000084800000, 0x0000000084800000|100%| O|  |TAMS 0x0000000084800000, 0x0000000084700000| Untracked 
|  72|0x0000000084800000, 0x0000000084900000, 0x0000000084900000|100%| O|  |TAMS 0x0000000084900000, 0x0000000084800000| Untracked 
|  73|0x0000000084900000, 0x0000000084a00000, 0x0000000084a00000|100%| O|  |TAMS 0x0000000084a00000, 0x0000000084900000| Untracked 
|  74|0x0000000084a00000, 0x0000000084b00000, 0x0000000084b00000|100%| O|  |TAMS 0x0000000084b00000, 0x0000000084a00000| Untracked 
|  75|0x0000000084b00000, 0x0000000084c00000, 0x0000000084c00000|100%| O|  |TAMS 0x0000000084c00000, 0x0000000084b00000| Untracked 
|  76|0x0000000084c00000, 0x0000000084d00000, 0x0000000084d00000|100%| O|  |TAMS 0x0000000084d00000, 0x0000000084c00000| Untracked 
|  77|0x0000000084d00000, 0x0000000084e00000, 0x0000000084e00000|100%| O|  |TAMS 0x0000000084e00000, 0x0000000084d00000| Untracked 
|  78|0x0000000084e00000, 0x0000000084f00000, 0x0000000084f00000|100%| O|  |TAMS 0x0000000084f00000, 0x0000000084e00000| Untracked 
|  79|0x0000000084f00000, 0x0000000085000000, 0x0000000085000000|100%| O|  |TAMS 0x0000000085000000, 0x0000000084f00000| Untracked 
|  80|0x0000000085000000, 0x0000000085100000, 0x0000000085100000|100%| O|  |TAMS 0x0000000085100000, 0x0000000085000000| Untracked 
|  81|0x0000000085100000, 0x0000000085200000, 0x0000000085200000|100%| O|  |TAMS 0x0000000085200000, 0x0000000085100000| Untracked 
|  82|0x0000000085200000, 0x0000000085300000, 0x0000000085300000|100%| O|  |TAMS 0x0000000085300000, 0x0000000085200000| Untracked 
|  83|0x0000000085300000, 0x0000000085400000, 0x0000000085400000|100%| O|  |TAMS 0x0000000085400000, 0x0000000085300000| Untracked 
|  84|0x0000000085400000, 0x0000000085500000, 0x0000000085500000|100%| O|  |TAMS 0x0000000085500000, 0x0000000085400000| Untracked 
|  85|0x0000000085500000, 0x0000000085600000, 0x0000000085600000|100%| O|  |TAMS 0x0000000085600000, 0x0000000085500000| Untracked 
|  86|0x0000000085600000, 0x0000000085700000, 0x0000000085700000|100%| O|  |TAMS 0x0000000085700000, 0x0000000085600000| Untracked 
|  87|0x0000000085700000, 0x0000000085800000, 0x0000000085800000|100%| O|  |TAMS 0x0000000085800000, 0x0000000085700000| Untracked 
|  88|0x0000000085800000, 0x0000000085900000, 0x0000000085900000|100%| O|  |TAMS 0x0000000085900000, 0x0000000085800000| Untracked 
|  89|0x0000000085900000, 0x0000000085a00000, 0x0000000085a00000|100%| O|  |TAMS 0x0000000085a00000, 0x0000000085900000| Untracked 
|  90|0x0000000085a00000, 0x0000000085b00000, 0x0000000085b00000|100%|HS|  |TAMS 0x0000000085b00000, 0x0000000085a00000| Complete 
|  91|0x0000000085b00000, 0x0000000085c00000, 0x0000000085c00000|100%|HC|  |TAMS 0x0000000085c00000, 0x0000000085b00000| Complete 
|  92|0x0000000085c00000, 0x0000000085d00000, 0x0000000085d00000|100%|HC|  |TAMS 0x0000000085d00000, 0x0000000085c00000| Complete 
|  93|0x0000000085d00000, 0x0000000085e00000, 0x0000000085e00000|100%| O|  |TAMS 0x0000000085e00000, 0x0000000085d00000| Untracked 
|  94|0x0000000085e00000, 0x0000000085e49800, 0x0000000085f00000| 28%| O|  |TAMS 0x0000000085e49800, 0x0000000085e00000| Untracked 
|  95|0x0000000085f00000, 0x0000000086000000, 0x0000000086000000|100%|HS|  |TAMS 0x0000000086000000, 0x0000000085f00000| Complete 
|  96|0x0000000086000000, 0x0000000086100000, 0x0000000086100000|100%|HC|  |TAMS 0x0000000086100000, 0x0000000086000000| Complete 
|  97|0x0000000086100000, 0x0000000086100000, 0x0000000086200000|  0%| F|  |TAMS 0x0000000086100000, 0x0000000086100000| Untracked 
|  98|0x0000000086200000, 0x0000000086300000, 0x0000000086300000|100%| O|  |TAMS 0x0000000086300000, 0x0000000086200000| Untracked 
|  99|0x0000000086300000, 0x0000000086400000, 0x0000000086400000|100%| O|  |TAMS 0x0000000086400000, 0x0000000086300000| Untracked 
| 100|0x0000000086400000, 0x0000000086400000, 0x0000000086500000|  0%| F|  |TAMS 0x0000000086400000, 0x0000000086400000| Untracked 
| 101|0x0000000086500000, 0x0000000086600000, 0x0000000086600000|100%| O|  |TAMS 0x0000000086600000, 0x0000000086500000| Untracked 
| 102|0x0000000086600000, 0x0000000086700000, 0x0000000086700000|100%| O|  |TAMS 0x0000000086700000, 0x0000000086600000| Untracked 
| 103|0x0000000086700000, 0x0000000086800000, 0x0000000086800000|100%| O|  |TAMS 0x0000000086800000, 0x0000000086700000| Untracked 
| 104|0x0000000086800000, 0x0000000086900000, 0x0000000086900000|100%| O|  |TAMS 0x0000000086900000, 0x0000000086800000| Untracked 
| 105|0x0000000086900000, 0x0000000086a00000, 0x0000000086a00000|100%| O|  |TAMS 0x0000000086a00000, 0x0000000086900000| Untracked 
| 106|0x0000000086a00000, 0x0000000086b00000, 0x0000000086b00000|100%|HS|  |TAMS 0x0000000086a00000, 0x0000000086a00000| Complete 
| 107|0x0000000086b00000, 0x0000000086c00000, 0x0000000086c00000|100%|HC|  |TAMS 0x0000000086b00000, 0x0000000086b00000| Complete 
| 108|0x0000000086c00000, 0x0000000086c00000, 0x0000000086d00000|  0%| F|  |TAMS 0x0000000086c00000, 0x0000000086c00000| Untracked 
| 109|0x0000000086d00000, 0x0000000086d00000, 0x0000000086e00000|  0%| F|  |TAMS 0x0000000086d00000, 0x0000000086d00000| Untracked 
| 110|0x0000000086e00000, 0x0000000086e00000, 0x0000000086f00000|  0%| F|  |TAMS 0x0000000086e00000, 0x0000000086e00000| Untracked 
| 111|0x0000000086f00000, 0x0000000086f00000, 0x0000000087000000|  0%| F|  |TAMS 0x0000000086f00000, 0x0000000086f00000| Untracked 
| 112|0x0000000087000000, 0x0000000087000000, 0x0000000087100000|  0%| F|  |TAMS 0x0000000087000000, 0x0000000087000000| Untracked 
| 113|0x0000000087100000, 0x0000000087100000, 0x0000000087200000|  0%| F|  |TAMS 0x0000000087100000, 0x0000000087100000| Untracked 
| 114|0x0000000087200000, 0x0000000087200000, 0x0000000087300000|  0%| F|  |TAMS 0x0000000087200000, 0x0000000087200000| Untracked 
| 115|0x0000000087300000, 0x0000000087300000, 0x0000000087400000|  0%| F|  |TAMS 0x0000000087300000, 0x0000000087300000| Untracked 
| 116|0x0000000087400000, 0x0000000087500000, 0x0000000087500000|100%| O|  |TAMS 0x0000000087500000, 0x0000000087400000| Untracked 
| 117|0x0000000087500000, 0x0000000087500000, 0x0000000087600000|  0%| F|  |TAMS 0x0000000087500000, 0x0000000087500000| Untracked 
| 118|0x0000000087600000, 0x0000000087600000, 0x0000000087700000|  0%| F|  |TAMS 0x0000000087600000, 0x0000000087600000| Untracked 
| 119|0x0000000087700000, 0x0000000087800000, 0x0000000087800000|100%| O|  |TAMS 0x0000000087800000, 0x0000000087700000| Untracked 
| 120|0x0000000087800000, 0x0000000087800000, 0x0000000087900000|  0%| F|  |TAMS 0x0000000087800000, 0x0000000087800000| Untracked 
| 121|0x0000000087900000, 0x0000000087a00000, 0x0000000087a00000|100%| O|  |TAMS 0x0000000087a00000, 0x0000000087900000| Untracked 
| 122|0x0000000087a00000, 0x0000000087b00000, 0x0000000087b00000|100%| O|  |TAMS 0x0000000087b00000, 0x0000000087a00000| Untracked 
| 123|0x0000000087b00000, 0x0000000087c00000, 0x0000000087c00000|100%| O|  |TAMS 0x0000000087c00000, 0x0000000087b00000| Untracked 
| 124|0x0000000087c00000, 0x0000000087d00000, 0x0000000087d00000|100%| O|  |TAMS 0x0000000087d00000, 0x0000000087c00000| Untracked 
| 125|0x0000000087d00000, 0x0000000087e00000, 0x0000000087e00000|100%| O|  |TAMS 0x0000000087e00000, 0x0000000087d00000| Untracked 
| 126|0x0000000087e00000, 0x0000000087f00000, 0x0000000087f00000|100%| O|  |TAMS 0x0000000087f00000, 0x0000000087e00000| Untracked 
| 127|0x0000000087f00000, 0x0000000088000000, 0x0000000088000000|100%| O|  |TAMS 0x0000000088000000, 0x0000000087f00000| Untracked 
| 128|0x0000000088000000, 0x0000000088000000, 0x0000000088100000|  0%| F|  |TAMS 0x0000000088000000, 0x0000000088000000| Untracked 
| 129|0x0000000088100000, 0x0000000088100000, 0x0000000088200000|  0%| F|  |TAMS 0x0000000088100000, 0x0000000088100000| Untracked 
| 130|0x0000000088200000, 0x0000000088200000, 0x0000000088300000|  0%| F|  |TAMS 0x0000000088200000, 0x0000000088200000| Untracked 
| 131|0x0000000088300000, 0x0000000088300000, 0x0000000088400000|  0%| F|  |TAMS 0x0000000088300000, 0x0000000088300000| Untracked 
| 132|0x0000000088400000, 0x0000000088400000, 0x0000000088500000|  0%| F|  |TAMS 0x0000000088400000, 0x0000000088400000| Untracked 
| 133|0x0000000088500000, 0x0000000088500000, 0x0000000088600000|  0%| F|  |TAMS 0x0000000088500000, 0x0000000088500000| Untracked 
| 134|0x0000000088600000, 0x0000000088600000, 0x0000000088700000|  0%| F|  |TAMS 0x0000000088600000, 0x0000000088600000| Untracked 
| 135|0x0000000088700000, 0x0000000088700000, 0x0000000088800000|  0%| F|  |TAMS 0x0000000088700000, 0x0000000088700000| Untracked 
| 136|0x0000000088800000, 0x0000000088800000, 0x0000000088900000|  0%| F|  |TAMS 0x0000000088800000, 0x0000000088800000| Untracked 
| 137|0x0000000088900000, 0x0000000088900000, 0x0000000088a00000|  0%| F|  |TAMS 0x0000000088900000, 0x0000000088900000| Untracked 
| 138|0x0000000088a00000, 0x0000000088a00000, 0x0000000088b00000|  0%| F|  |TAMS 0x0000000088a00000, 0x0000000088a00000| Untracked 
| 139|0x0000000088b00000, 0x0000000088b00000, 0x0000000088c00000|  0%| F|  |TAMS 0x0000000088b00000, 0x0000000088b00000| Untracked 
| 140|0x0000000088c00000, 0x0000000088c00000, 0x0000000088d00000|  0%| F|  |TAMS 0x0000000088c00000, 0x0000000088c00000| Untracked 
| 141|0x0000000088d00000, 0x0000000088d00000, 0x0000000088e00000|  0%| F|  |TAMS 0x0000000088d00000, 0x0000000088d00000| Untracked 
| 142|0x0000000088e00000, 0x0000000088e00000, 0x0000000088f00000|  0%| F|  |TAMS 0x0000000088e00000, 0x0000000088e00000| Untracked 
| 143|0x0000000088f00000, 0x0000000088f00000, 0x0000000089000000|  0%| F|  |TAMS 0x0000000088f00000, 0x0000000088f00000| Untracked 
| 144|0x0000000089000000, 0x0000000089000000, 0x0000000089100000|  0%| F|  |TAMS 0x0000000089000000, 0x0000000089000000| Untracked 
| 145|0x0000000089100000, 0x0000000089100000, 0x0000000089200000|  0%| F|  |TAMS 0x0000000089100000, 0x0000000089100000| Untracked 
| 146|0x0000000089200000, 0x0000000089200000, 0x0000000089300000|  0%| F|  |TAMS 0x0000000089200000, 0x0000000089200000| Untracked 
| 147|0x0000000089300000, 0x0000000089300000, 0x0000000089400000|  0%| F|  |TAMS 0x0000000089300000, 0x0000000089300000| Untracked 
| 148|0x0000000089400000, 0x0000000089400000, 0x0000000089500000|  0%| F|  |TAMS 0x0000000089400000, 0x0000000089400000| Untracked 
| 149|0x0000000089500000, 0x0000000089500000, 0x0000000089600000|  0%| F|  |TAMS 0x0000000089500000, 0x0000000089500000| Untracked 
| 150|0x0000000089600000, 0x0000000089600000, 0x0000000089700000|  0%| F|  |TAMS 0x0000000089600000, 0x0000000089600000| Untracked 
| 151|0x0000000089700000, 0x0000000089700000, 0x0000000089800000|  0%| F|  |TAMS 0x0000000089700000, 0x0000000089700000| Untracked 
| 152|0x0000000089800000, 0x0000000089800000, 0x0000000089900000|  0%| F|  |TAMS 0x0000000089800000, 0x0000000089800000| Untracked 
| 153|0x0000000089900000, 0x0000000089900000, 0x0000000089a00000|  0%| F|  |TAMS 0x0000000089900000, 0x0000000089900000| Untracked 
| 154|0x0000000089a00000, 0x0000000089a00000, 0x0000000089b00000|  0%| F|  |TAMS 0x0000000089a00000, 0x0000000089a00000| Untracked 
| 155|0x0000000089b00000, 0x0000000089b00000, 0x0000000089c00000|  0%| F|  |TAMS 0x0000000089b00000, 0x0000000089b00000| Untracked 
| 156|0x0000000089c00000, 0x0000000089c00000, 0x0000000089d00000|  0%| F|  |TAMS 0x0000000089c00000, 0x0000000089c00000| Untracked 
| 157|0x0000000089d00000, 0x0000000089d00000, 0x0000000089e00000|  0%| F|  |TAMS 0x0000000089d00000, 0x0000000089d00000| Untracked 
| 158|0x0000000089e00000, 0x0000000089e00000, 0x0000000089f00000|  0%| F|  |TAMS 0x0000000089e00000, 0x0000000089e00000| Untracked 
| 159|0x0000000089f00000, 0x0000000089f00000, 0x000000008a000000|  0%| F|  |TAMS 0x0000000089f00000, 0x0000000089f00000| Untracked 
| 160|0x000000008a000000, 0x000000008a000000, 0x000000008a100000|  0%| F|  |TAMS 0x000000008a000000, 0x000000008a000000| Untracked 
| 161|0x000000008a100000, 0x000000008a100000, 0x000000008a200000|  0%| F|  |TAMS 0x000000008a100000, 0x000000008a100000| Untracked 
| 162|0x000000008a200000, 0x000000008a200000, 0x000000008a300000|  0%| F|  |TAMS 0x000000008a200000, 0x000000008a200000| Untracked 
| 163|0x000000008a300000, 0x000000008a300000, 0x000000008a400000|  0%| F|  |TAMS 0x000000008a300000, 0x000000008a300000| Untracked 
| 164|0x000000008a400000, 0x000000008a400000, 0x000000008a500000|  0%| F|  |TAMS 0x000000008a400000, 0x000000008a400000| Untracked 
| 165|0x000000008a500000, 0x000000008a500000, 0x000000008a600000|  0%| F|  |TAMS 0x000000008a500000, 0x000000008a500000| Untracked 
| 166|0x000000008a600000, 0x000000008a600000, 0x000000008a700000|  0%| F|  |TAMS 0x000000008a600000, 0x000000008a600000| Untracked 
| 167|0x000000008a700000, 0x000000008a700000, 0x000000008a800000|  0%| F|  |TAMS 0x000000008a700000, 0x000000008a700000| Untracked 
| 168|0x000000008a800000, 0x000000008a800000, 0x000000008a900000|  0%| F|  |TAMS 0x000000008a800000, 0x000000008a800000| Untracked 
| 169|0x000000008a900000, 0x000000008a900000, 0x000000008aa00000|  0%| F|  |TAMS 0x000000008a900000, 0x000000008a900000| Untracked 
| 170|0x000000008aa00000, 0x000000008aa00000, 0x000000008ab00000|  0%| F|  |TAMS 0x000000008aa00000, 0x000000008aa00000| Untracked 
| 171|0x000000008ab00000, 0x000000008ab00000, 0x000000008ac00000|  0%| F|  |TAMS 0x000000008ab00000, 0x000000008ab00000| Untracked 
| 172|0x000000008ac00000, 0x000000008ac00000, 0x000000008ad00000|  0%| F|  |TAMS 0x000000008ac00000, 0x000000008ac00000| Untracked 
| 173|0x000000008ad00000, 0x000000008ad00000, 0x000000008ae00000|  0%| F|  |TAMS 0x000000008ad00000, 0x000000008ad00000| Untracked 
| 174|0x000000008ae00000, 0x000000008ae00000, 0x000000008af00000|  0%| F|  |TAMS 0x000000008ae00000, 0x000000008ae00000| Untracked 
| 175|0x000000008af00000, 0x000000008af00000, 0x000000008b000000|  0%| F|  |TAMS 0x000000008af00000, 0x000000008af00000| Untracked 
| 176|0x000000008b000000, 0x000000008b000000, 0x000000008b100000|  0%| F|  |TAMS 0x000000008b000000, 0x000000008b000000| Untracked 
| 177|0x000000008b100000, 0x000000008b100000, 0x000000008b200000|  0%| F|  |TAMS 0x000000008b100000, 0x000000008b100000| Untracked 
| 178|0x000000008b200000, 0x000000008b200000, 0x000000008b300000|  0%| F|  |TAMS 0x000000008b200000, 0x000000008b200000| Untracked 
| 179|0x000000008b300000, 0x000000008b300000, 0x000000008b400000|  0%| F|  |TAMS 0x000000008b300000, 0x000000008b300000| Untracked 
| 180|0x000000008b400000, 0x000000008b400000, 0x000000008b500000|  0%| F|  |TAMS 0x000000008b400000, 0x000000008b400000| Untracked 
| 181|0x000000008b500000, 0x000000008b500000, 0x000000008b600000|  0%| F|  |TAMS 0x000000008b500000, 0x000000008b500000| Untracked 
| 182|0x000000008b600000, 0x000000008b600000, 0x000000008b700000|  0%| F|  |TAMS 0x000000008b600000, 0x000000008b600000| Untracked 
| 183|0x000000008b700000, 0x000000008b700000, 0x000000008b800000|  0%| F|  |TAMS 0x000000008b700000, 0x000000008b700000| Untracked 
| 184|0x000000008b800000, 0x000000008b800000, 0x000000008b900000|  0%| F|  |TAMS 0x000000008b800000, 0x000000008b800000| Untracked 
| 185|0x000000008b900000, 0x000000008b900000, 0x000000008ba00000|  0%| F|  |TAMS 0x000000008b900000, 0x000000008b900000| Untracked 
| 186|0x000000008ba00000, 0x000000008ba00000, 0x000000008bb00000|  0%| F|  |TAMS 0x000000008ba00000, 0x000000008ba00000| Untracked 
| 187|0x000000008bb00000, 0x000000008bb00000, 0x000000008bc00000|  0%| F|  |TAMS 0x000000008bb00000, 0x000000008bb00000| Untracked 
| 188|0x000000008bc00000, 0x000000008bd00000, 0x000000008bd00000|100%| S|CS|TAMS 0x000000008bc00000, 0x000000008bc00000| Complete 
| 189|0x000000008bd00000, 0x000000008be00000, 0x000000008be00000|100%| S|CS|TAMS 0x000000008bd00000, 0x000000008bd00000| Complete 
| 190|0x000000008be00000, 0x000000008bf00000, 0x000000008bf00000|100%| S|CS|TAMS 0x000000008be00000, 0x000000008be00000| Complete 
| 191|0x000000008bf00000, 0x000000008c000000, 0x000000008c000000|100%| S|CS|TAMS 0x000000008bf00000, 0x000000008bf00000| Complete 
| 192|0x000000008c000000, 0x000000008c100000, 0x000000008c100000|100%| S|CS|TAMS 0x000000008c000000, 0x000000008c000000| Complete 
| 193|0x000000008c100000, 0x000000008c200000, 0x000000008c200000|100%| S|CS|TAMS 0x000000008c100000, 0x000000008c100000| Complete 
| 194|0x000000008c200000, 0x000000008c300000, 0x000000008c300000|100%| S|CS|TAMS 0x000000008c200000, 0x000000008c200000| Complete 
| 195|0x000000008c300000, 0x000000008c400000, 0x000000008c400000|100%| S|CS|TAMS 0x000000008c300000, 0x000000008c300000| Complete 
| 196|0x000000008c400000, 0x000000008c457090, 0x000000008c500000| 33%| E|  |TAMS 0x000000008c400000, 0x000000008c400000| Complete 
| 197|0x000000008c500000, 0x000000008c600000, 0x000000008c600000|100%| E|CS|TAMS 0x000000008c500000, 0x000000008c500000| Complete 
| 198|0x000000008c600000, 0x000000008c700000, 0x000000008c700000|100%| E|CS|TAMS 0x000000008c600000, 0x000000008c600000| Complete 
| 199|0x000000008c700000, 0x000000008c800000, 0x000000008c800000|100%| E|CS|TAMS 0x000000008c700000, 0x000000008c700000| Complete 
| 200|0x000000008c800000, 0x000000008c900000, 0x000000008c900000|100%| E|CS|TAMS 0x000000008c800000, 0x000000008c800000| Complete 
| 201|0x000000008c900000, 0x000000008ca00000, 0x000000008ca00000|100%| E|CS|TAMS 0x000000008c900000, 0x000000008c900000| Complete 
| 202|0x000000008ca00000, 0x000000008cb00000, 0x000000008cb00000|100%| E|CS|TAMS 0x000000008ca00000, 0x000000008ca00000| Complete 
| 203|0x000000008cb00000, 0x000000008cc00000, 0x000000008cc00000|100%| E|CS|TAMS 0x000000008cb00000, 0x000000008cb00000| Complete 
| 204|0x000000008cc00000, 0x000000008cd00000, 0x000000008cd00000|100%| E|CS|TAMS 0x000000008cc00000, 0x000000008cc00000| Complete 
| 205|0x000000008cd00000, 0x000000008ce00000, 0x000000008ce00000|100%| E|CS|TAMS 0x000000008cd00000, 0x000000008cd00000| Complete 
| 206|0x000000008ce00000, 0x000000008cf00000, 0x000000008cf00000|100%| E|CS|TAMS 0x000000008ce00000, 0x000000008ce00000| Complete 
| 207|0x000000008cf00000, 0x000000008d000000, 0x000000008d000000|100%| E|CS|TAMS 0x000000008cf00000, 0x000000008cf00000| Complete 
| 208|0x000000008d000000, 0x000000008d100000, 0x000000008d100000|100%| E|CS|TAMS 0x000000008d000000, 0x000000008d000000| Complete 
| 209|0x000000008d100000, 0x000000008d200000, 0x000000008d200000|100%| E|CS|TAMS 0x000000008d100000, 0x000000008d100000| Complete 
| 210|0x000000008d200000, 0x000000008d300000, 0x000000008d300000|100%| E|CS|TAMS 0x000000008d200000, 0x000000008d200000| Complete 
| 211|0x000000008d300000, 0x000000008d400000, 0x000000008d400000|100%| E|CS|TAMS 0x000000008d300000, 0x000000008d300000| Complete 
| 212|0x000000008d400000, 0x000000008d500000, 0x000000008d500000|100%| E|CS|TAMS 0x000000008d400000, 0x000000008d400000| Complete 
| 213|0x000000008d500000, 0x000000008d600000, 0x000000008d600000|100%| E|CS|TAMS 0x000000008d500000, 0x000000008d500000| Complete 
| 214|0x000000008d600000, 0x000000008d700000, 0x000000008d700000|100%| E|CS|TAMS 0x000000008d600000, 0x000000008d600000| Complete 
| 215|0x000000008d700000, 0x000000008d800000, 0x000000008d800000|100%| E|CS|TAMS 0x000000008d700000, 0x000000008d700000| Complete 
| 216|0x000000008d800000, 0x000000008d900000, 0x000000008d900000|100%| E|CS|TAMS 0x000000008d800000, 0x000000008d800000| Complete 
| 217|0x000000008d900000, 0x000000008da00000, 0x000000008da00000|100%| E|CS|TAMS 0x000000008d900000, 0x000000008d900000| Complete 
| 218|0x000000008da00000, 0x000000008db00000, 0x000000008db00000|100%| E|CS|TAMS 0x000000008da00000, 0x000000008da00000| Complete 
| 219|0x000000008db00000, 0x000000008dc00000, 0x000000008dc00000|100%| E|CS|TAMS 0x000000008db00000, 0x000000008db00000| Complete 
| 220|0x000000008dc00000, 0x000000008dd00000, 0x000000008dd00000|100%| E|CS|TAMS 0x000000008dc00000, 0x000000008dc00000| Complete 
| 221|0x000000008dd00000, 0x000000008de00000, 0x000000008de00000|100%| E|  |TAMS 0x000000008dd00000, 0x000000008dd00000| Complete 

Card table byte_map: [0x0000026668d20000,0x0000026669120000] _byte_map_base: 0x0000026668920000

Marking Bits (Prev, Next): (CMBitMap*) 0x000002665583e998, (CMBitMap*) 0x000002665583e9d0
 Prev Bits: [0x0000026669520000, 0x000002666b520000)
 Next Bits: [0x000002666b520000, 0x000002666d520000)

Polling page: 0x0000026653e40000

Metaspace:

Usage:
  Non-class:    102.71 MB capacity,   100.94 MB ( 98%) used,     1.43 MB (  1%) free+waste,   344.31 KB ( <1%) overhead. 
      Class:     14.97 MB capacity,    13.95 MB ( 93%) used,   896.87 KB (  6%) free+waste,   148.13 KB ( <1%) overhead. 
       Both:    117.68 MB capacity,   114.89 MB ( 98%) used,     2.31 MB (  2%) free+waste,   492.44 KB ( <1%) overhead. 

Virtual space:
  Non-class space:      104.00 MB reserved,     102.91 MB ( 99%) committed 
      Class space:        1.00 GB reserved,      15.07 MB (  1%) committed 
             Both:        1.10 GB reserved,     117.98 MB ( 10%) committed 

Chunk freelists:
   Non-Class:  7.00 KB
       Class:  28.00 KB
        Both:  35.00 KB

MaxMetaspaceSize: 17179869184.00 GB
CompressedClassSpaceSize: 1.00 GB

CodeHeap 'non-profiled nmethods': size=120064Kb used=13542Kb max_used=13542Kb free=106521Kb
 bounds [0x0000026660db0000, 0x0000026661af0000, 0x00000266682f0000]
CodeHeap 'profiled nmethods': size=120000Kb used=41516Kb max_used=41516Kb free=78483Kb
 bounds [0x0000026659880000, 0x000002665c120000, 0x0000026660db0000]
CodeHeap 'non-nmethods': size=5696Kb used=2348Kb max_used=2392Kb free=3347Kb
 bounds [0x00000266592f0000, 0x0000026659560000, 0x0000026659880000]
 total_blobs=19414 nmethods=18438 adapters=885
 compilation: enabled
              stopped_count=0, restarted_count=0
 full_count=0

Compilation events (20 events):
Event: 4346.630 Thread 0x0000026678cb3000 19598       4       org.gradle.internal.normalization.java.impl.TypedMember::compare (41 bytes)
Event: 4346.637 Thread 0x0000026678cb3000 nmethod 19598 0x0000026661ae7090 code [0x0000026661ae7260, 0x0000026661ae79d8]
Event: 4346.637 Thread 0x0000026678cb3000 19599       4       org.gradle.internal.normalization.java.impl.FieldMember::compareTo (9 bytes)
Event: 4346.645 Thread 0x0000026678cb3000 nmethod 19599 0x0000026661ae7e10 code [0x0000026661ae8000, 0x0000026661ae8858]
Event: 4346.645 Thread 0x0000026678cb3000 19576       4       org.objectweb.asm.ClassReader::readInt (52 bytes)
Event: 4346.646 Thread 0x0000026678cb3000 nmethod 19576 0x0000026661ae8d90 code [0x0000026661ae8f20, 0x0000026661ae9018]
Event: 4346.646 Thread 0x0000026678cb3000 19600       4       org.objectweb.asm.FieldWriter::visitEnd (1 bytes)
Event: 4346.647 Thread 0x0000026678cb3000 nmethod 19600 0x0000026661ae9110 code [0x0000026661ae92a0, 0x0000026661ae92f8]
Event: 4346.655 Thread 0x000002666fb8a800 19602       3       com.google.common.primitives.Ints::compare (20 bytes)
Event: 4346.655 Thread 0x000002666fb8a800 nmethod 19602 0x000002665c117990 code [0x000002665c117b40, 0x000002665c117cd8]
Event: 4346.656 Thread 0x0000026678cb3000 19603       4       org.objectweb.asm.ClassReader::readUtf (44 bytes)
Event: 4346.660 Thread 0x0000026678cb3000 nmethod 19603 0x0000026661ae9390 code [0x0000026661ae9540, 0x0000026661ae97e8]
Event: 4346.661 Thread 0x0000026678cb3000 19604       4       org.objectweb.asm.FieldVisitor::<init> (94 bytes)
Event: 4346.663 Thread 0x0000026678cb3000 nmethod 19604 0x0000026661ae9a10 code [0x0000026661ae9ba0, 0x0000026661ae9d38]
Event: 4346.664 Thread 0x0000026678cb3000 19605       4       java.util.TreeMap::put (247 bytes)
Event: 4346.744 Thread 0x000002666fb8a800 19609       3       java.lang.Character::codePointBefore (48 bytes)
Event: 4346.745 Thread 0x000002666fb8a800 nmethod 19609 0x000002665c117d90 code [0x000002665c117f80, 0x000002665c118518]
Event: 4346.745 Thread 0x000002666fb8a800 19610       3       org.objectweb.asm.MethodWriter::visitMaxs (60 bytes)
Event: 4346.745 Thread 0x000002666fb8a800 nmethod 19610 0x000002665c118690 code [0x000002665c118860, 0x000002665c118ad8]
Event: 4346.747 Thread 0x000002666fb8a800 19612       3       org.objectweb.asm.ClassReader::readCode (5109 bytes)

GC Heap History (20 events):
Event: 4295.467 GC heap before
{Heap before GC invocations=40 (full 0):
 garbage-first heap   total 227328K, used 177474K [0x0000000080000000, 0x0000000100000000)
  region size 1024K, 52 young (53248K), 5 survivors (5120K)
 Metaspace       used 101754K, capacity 104186K, committed 104300K, reserved 1140736K
  class space    used 12637K, capacity 13489K, committed 13516K, reserved 1048576K
}
Event: 4295.486 GC heap after
{Heap after GC invocations=41 (full 0):
 garbage-first heap   total 227328K, used 119172K [0x0000000080000000, 0x0000000100000000)
  region size 1024K, 5 young (5120K), 5 survivors (5120K)
 Metaspace       used 101754K, capacity 104186K, committed 104300K, reserved 1140736K
  class space    used 12637K, capacity 13489K, committed 13516K, reserved 1048576K
}
Event: 4303.836 GC heap before
{Heap before GC invocations=41 (full 0):
 garbage-first heap   total 227328K, used 124292K [0x0000000080000000, 0x0000000100000000)
  region size 1024K, 11 young (11264K), 5 survivors (5120K)
 Metaspace       used 102568K, capacity 105000K, committed 105196K, reserved 1140736K
  class space    used 12736K, capacity 13572K, committed 13644K, reserved 1048576K
}
Event: 4303.868 GC heap after
{Heap after GC invocations=42 (full 0):
 garbage-first heap   total 227328K, used 112640K [0x0000000080000000, 0x0000000100000000)
  region size 1024K, 1 young (1024K), 1 survivors (1024K)
 Metaspace       used 102568K, capacity 105000K, committed 105196K, reserved 1140736K
  class space    used 12736K, capacity 13572K, committed 13644K, reserved 1048576K
}
Event: 4307.046 GC heap before
{Heap before GC invocations=42 (full 0):
 garbage-first heap   total 227328K, used 164864K [0x0000000080000000, 0x0000000100000000)
  region size 1024K, 53 young (54272K), 1 survivors (1024K)
 Metaspace       used 103110K, capacity 105514K, committed 105836K, reserved 1140736K
  class space    used 12780K, capacity 13636K, committed 13772K, reserved 1048576K
}
Event: 4307.147 GC heap after
{Heap after GC invocations=43 (full 0):
 garbage-first heap   total 227328K, used 119681K [0x0000000080000000, 0x0000000100000000)
  region size 1024K, 7 young (7168K), 7 survivors (7168K)
 Metaspace       used 103110K, capacity 105514K, committed 105836K, reserved 1140736K
  class space    used 12780K, capacity 13636K, committed 13772K, reserved 1048576K
}
Event: 4314.362 GC heap before
{Heap before GC invocations=44 (full 0):
 garbage-first heap   total 227328K, used 159617K [0x0000000080000000, 0x0000000100000000)
  region size 1024K, 57 young (58368K), 7 survivors (7168K)
 Metaspace       used 104707K, capacity 107213K, committed 107500K, reserved 1142784K
  class space    used 12974K, capacity 13858K, committed 13900K, reserved 1048576K
}
Event: 4314.382 GC heap after
{Heap after GC invocations=45 (full 0):
 garbage-first heap   total 227328K, used 110800K [0x0000000080000000, 0x0000000100000000)
  region size 1024K, 5 young (5120K), 5 survivors (5120K)
 Metaspace       used 104707K, capacity 107213K, committed 107500K, reserved 1142784K
  class space    used 12974K, capacity 13858K, committed 13900K, reserved 1048576K
}
Event: 4314.656 GC heap before
{Heap before GC invocations=45 (full 0):
 garbage-first heap   total 227328K, used 116944K [0x0000000080000000, 0x0000000100000000)
  region size 1024K, 11 young (11264K), 5 survivors (5120K)
 Metaspace       used 105676K, capacity 108277K, committed 108524K, reserved 1144832K
  class space    used 13140K, capacity 14074K, committed 14156K, reserved 1048576K
}
Event: 4314.697 GC heap after
{Heap after GC invocations=46 (full 0):
 garbage-first heap   total 227328K, used 103424K [0x0000000080000000, 0x0000000100000000)
  region size 1024K, 1 young (1024K), 1 survivors (1024K)
 Metaspace       used 105676K, capacity 108277K, committed 108524K, reserved 1144832K
  class space    used 13140K, capacity 14074K, committed 14156K, reserved 1048576K
}
Event: 4329.595 GC heap before
{Heap before GC invocations=46 (full 0):
 garbage-first heap   total 227328K, used 155648K [0x0000000080000000, 0x0000000100000000)
  region size 1024K, 54 young (55296K), 1 survivors (1024K)
 Metaspace       used 106568K, capacity 109220K, committed 109420K, reserved 1144832K
  class space    used 13215K, capacity 14184K, committed 14284K, reserved 1048576K
}
Event: 4329.605 GC heap after
{Heap after GC invocations=47 (full 0):
 garbage-first heap   total 227328K, used 104019K [0x0000000080000000, 0x0000000100000000)
  region size 1024K, 2 young (2048K), 2 survivors (2048K)
 Metaspace       used 106568K, capacity 109220K, committed 109420K, reserved 1144832K
  class space    used 13215K, capacity 14184K, committed 14284K, reserved 1048576K
}
Event: 4331.365 GC heap before
{Heap before GC invocations=48 (full 0):
 garbage-first heap   total 227328K, used 174675K [0x0000000080000000, 0x0000000100000000)
  region size 1024K, 62 young (63488K), 2 survivors (2048K)
 Metaspace       used 114634K, capacity 117386K, committed 117484K, reserved 1150976K
  class space    used 14076K, capacity 15108K, committed 15180K, reserved 1048576K
}
Event: 4331.374 GC heap after
{Heap after GC invocations=49 (full 0):
 garbage-first heap   total 227328K, used 111155K [0x0000000080000000, 0x0000000100000000)
  region size 1024K, 6 young (6144K), 6 survivors (6144K)
 Metaspace       used 114634K, capacity 117386K, committed 117484K, reserved 1150976K
  class space    used 14076K, capacity 15108K, committed 15180K, reserved 1048576K
}
Event: 4331.639 GC heap before
{Heap before GC invocations=49 (full 0):
 garbage-first heap   total 227328K, used 115251K [0x0000000080000000, 0x0000000100000000)
  region size 1024K, 11 young (11264K), 6 survivors (6144K)
 Metaspace       used 114741K, capacity 117517K, committed 117740K, reserved 1153024K
  class space    used 14080K, capacity 15109K, committed 15180K, reserved 1048576K
}
Event: 4331.667 GC heap after
{Heap after GC invocations=50 (full 0):
 garbage-first heap   total 227328K, used 110295K [0x0000000080000000, 0x0000000100000000)
  region size 1024K, 2 young (2048K), 2 survivors (2048K)
 Metaspace       used 114741K, capacity 117517K, committed 117740K, reserved 1153024K
  class space    used 14080K, capacity 15109K, committed 15180K, reserved 1048576K
}
Event: 4332.408 GC heap before
{Heap before GC invocations=50 (full 0):
 garbage-first heap   total 227328K, used 116439K [0x0000000080000000, 0x0000000100000000)
  region size 1024K, 9 young (9216K), 2 survivors (2048K)
 Metaspace       used 114760K, capacity 117517K, committed 117740K, reserved 1153024K
  class space    used 14080K, capacity 15109K, committed 15180K, reserved 1048576K
}
Event: 4332.417 GC heap after
{Heap after GC invocations=51 (full 0):
 garbage-first heap   total 227328K, used 111799K [0x0000000080000000, 0x0000000100000000)
  region size 1024K, 3 young (3072K), 3 survivors (3072K)
 Metaspace       used 114760K, capacity 117517K, committed 117740K, reserved 1153024K
  class space    used 14080K, capacity 15109K, committed 15180K, reserved 1048576K
}
Event: 4332.992 GC heap before
{Heap before GC invocations=52 (full 0):
 garbage-first heap   total 227328K, used 136375K [0x0000000080000000, 0x0000000100000000)
  region size 1024K, 26 young (26624K), 3 survivors (3072K)
 Metaspace       used 116446K, capacity 119193K, committed 119404K, reserved 1153024K
  class space    used 14235K, capacity 15261K, committed 15308K, reserved 1048576K
}
Event: 4333.003 GC heap after
{Heap after GC invocations=53 (full 0):
 garbage-first heap   total 227328K, used 119078K [0x0000000080000000, 0x0000000100000000)
  region size 1024K, 8 young (8192K), 8 survivors (8192K)
 Metaspace       used 116446K, capacity 119193K, committed 119404K, reserved 1153024K
  class space    used 14235K, capacity 15261K, committed 15308K, reserved 1048576K
}

Deoptimization events (20 events):
Event: 4346.060 Thread 0x0000026678cb8000 Uncommon trap: trap_request=0xffffff7e fr.pc=0x0000026661055c34 relative=0x0000000000002cb4
Event: 4346.060 Thread 0x0000026678cb8000 Uncommon trap: reason=predicate action=maybe_recompile pc=0x0000026661055c34 method=java.util.ComparableTimSort.reverseRange([Ljava/lang/Object;II)V @ 5 c2
Event: 4346.060 Thread 0x0000026678cb8000 DEOPT PACKING pc=0x0000026661055c34 sp=0x0000008c2def9400
Event: 4346.060 Thread 0x0000026678cb8000 DEOPT UNPACKING pc=0x00000266593178af sp=0x0000008c2def92e0 mode 2
Event: 4346.524 Thread 0x0000026671803000 Uncommon trap: trap_request=0xffffff4d fr.pc=0x00000266610c0374 relative=0x0000000000000814
Event: 4346.524 Thread 0x0000026671803000 Uncommon trap: reason=unstable_if action=reinterpret pc=0x00000266610c0374 method=org.objectweb.asm.MethodWriter.visitLabel(Lorg/objectweb/asm/Label;)V @ 312 c2
Event: 4346.524 Thread 0x0000026671803000 DEOPT PACKING pc=0x00000266610c0374 sp=0x0000008c2cefb810
Event: 4346.524 Thread 0x0000026671803000 DEOPT UNPACKING pc=0x00000266593178af sp=0x0000008c2cefb7e8 mode 2
Event: 4346.525 Thread 0x0000026671803000 Uncommon trap: trap_request=0xffffff4d fr.pc=0x00000266610cf6e8 relative=0x0000000000000668
Event: 4346.525 Thread 0x0000026671803000 Uncommon trap: reason=unstable_if action=reinterpret pc=0x00000266610cf6e8 method=org.objectweb.asm.MethodWriter.visitInsn(I)V @ 32 c2
Event: 4346.525 Thread 0x0000026671803000 DEOPT PACKING pc=0x00000266610cf6e8 sp=0x0000008c2cefb980
Event: 4346.525 Thread 0x0000026671803000 DEOPT UNPACKING pc=0x00000266593178af sp=0x0000008c2cefb960 mode 2
Event: 4346.525 Thread 0x0000026671803000 Uncommon trap: trap_request=0xffffff4d fr.pc=0x00000266610c98c4 relative=0x0000000000000704
Event: 4346.525 Thread 0x0000026671803000 Uncommon trap: reason=unstable_if action=reinterpret pc=0x00000266610c98c4 method=org.objectweb.asm.MethodWriter.visitMethodInsn(ILjava/lang/String;Ljava/lang/String;Ljava/lang/String;Z)V @ 89 c2
Event: 4346.525 Thread 0x0000026671803000 DEOPT PACKING pc=0x00000266610c98c4 sp=0x0000008c2cefb970
Event: 4346.525 Thread 0x0000026671803000 DEOPT UNPACKING pc=0x00000266593178af sp=0x0000008c2cefb928 mode 2
Event: 4346.525 Thread 0x0000026671803000 Uncommon trap: trap_request=0xffffff4d fr.pc=0x00000266611f295c relative=0x000000000000009c
Event: 4346.525 Thread 0x0000026671803000 Uncommon trap: reason=unstable_if action=reinterpret pc=0x00000266611f295c method=org.objectweb.asm.MethodWriter.visitMaxs(II)V @ 35 c2
Event: 4346.525 Thread 0x0000026671803000 DEOPT PACKING pc=0x00000266611f295c sp=0x0000008c2cefb9d0
Event: 4346.525 Thread 0x0000026671803000 DEOPT UNPACKING pc=0x00000266593178af sp=0x0000008c2cefb968 mode 2

Classes redefined (0 events):
No events

Internal exceptions (20 events):
Event: 4332.769 Thread 0x00000266725f5000 Exception <a 'sun/nio/fs/WindowsException'{0x000000008cd8c638}> (0x000000008cd8c638) thrown at [./src/hotspot/share/prims/jni.cpp, line 615]
Event: 4332.777 Thread 0x00000266725f5000 Exception <a 'sun/nio/fs/WindowsException'{0x000000008ccca9f8}> (0x000000008ccca9f8) thrown at [./src/hotspot/share/prims/jni.cpp, line 615]
Event: 4332.777 Thread 0x00000266725f5000 Exception <a 'sun/nio/fs/WindowsException'{0x000000008cccaa78}> (0x000000008cccaa78) thrown at [./src/hotspot/share/prims/jni.cpp, line 615]
Event: 4332.778 Thread 0x00000266725f5000 Exception <a 'sun/nio/fs/WindowsException'{0x000000008cccc010}> (0x000000008cccc010) thrown at [./src/hotspot/share/prims/jni.cpp, line 615]
Event: 4332.778 Thread 0x00000266725f5000 Exception <a 'sun/nio/fs/WindowsException'{0x000000008cccc090}> (0x000000008cccc090) thrown at [./src/hotspot/share/prims/jni.cpp, line 615]
Event: 4332.778 Thread 0x00000266725f5000 Exception <a 'sun/nio/fs/WindowsException'{0x000000008cccd5e0}> (0x000000008cccd5e0) thrown at [./src/hotspot/share/prims/jni.cpp, line 615]
Event: 4332.778 Thread 0x00000266725f5000 Exception <a 'sun/nio/fs/WindowsException'{0x000000008cccd660}> (0x000000008cccd660) thrown at [./src/hotspot/share/prims/jni.cpp, line 615]
Event: 4332.815 Thread 0x00000266725f5000 Exception <a 'sun/nio/fs/WindowsException'{0x000000008cb99848}> (0x000000008cb99848) thrown at [./src/hotspot/share/prims/jni.cpp, line 615]
Event: 4332.816 Thread 0x00000266725f5000 Exception <a 'sun/nio/fs/WindowsException'{0x000000008cb998c8}> (0x000000008cb998c8) thrown at [./src/hotspot/share/prims/jni.cpp, line 615]
Event: 4332.816 Thread 0x00000266725f5000 Exception <a 'sun/nio/fs/WindowsException'{0x000000008cb9aed0}> (0x000000008cb9aed0) thrown at [./src/hotspot/share/prims/jni.cpp, line 615]
Event: 4332.816 Thread 0x00000266725f5000 Exception <a 'sun/nio/fs/WindowsException'{0x000000008cb9af50}> (0x000000008cb9af50) thrown at [./src/hotspot/share/prims/jni.cpp, line 615]
Event: 4332.816 Thread 0x00000266725f5000 Exception <a 'sun/nio/fs/WindowsException'{0x000000008cb9c510}> (0x000000008cb9c510) thrown at [./src/hotspot/share/prims/jni.cpp, line 615]
Event: 4332.816 Thread 0x00000266725f5000 Exception <a 'sun/nio/fs/WindowsException'{0x000000008cb9c590}> (0x000000008cb9c590) thrown at [./src/hotspot/share/prims/jni.cpp, line 615]
Event: 4332.819 Thread 0x00000266725f5000 Exception <a 'sun/nio/fs/WindowsException'{0x000000008cbaf970}> (0x000000008cbaf970) thrown at [./src/hotspot/share/prims/jni.cpp, line 615]
Event: 4332.819 Thread 0x00000266725f5000 Exception <a 'sun/nio/fs/WindowsException'{0x000000008cbaf9f0}> (0x000000008cbaf9f0) thrown at [./src/hotspot/share/prims/jni.cpp, line 615]
Event: 4332.819 Thread 0x00000266725f5000 Exception <a 'sun/nio/fs/WindowsException'{0x000000008cbb0fe8}> (0x000000008cbb0fe8) thrown at [./src/hotspot/share/prims/jni.cpp, line 615]
Event: 4332.819 Thread 0x00000266725f5000 Exception <a 'sun/nio/fs/WindowsException'{0x000000008cbb1068}> (0x000000008cbb1068) thrown at [./src/hotspot/share/prims/jni.cpp, line 615]
Event: 4332.819 Thread 0x00000266725f5000 Exception <a 'sun/nio/fs/WindowsException'{0x000000008cbb2628}> (0x000000008cbb2628) thrown at [./src/hotspot/share/prims/jni.cpp, line 615]
Event: 4332.819 Thread 0x00000266725f5000 Exception <a 'sun/nio/fs/WindowsException'{0x000000008cbb26a8}> (0x000000008cbb26a8) thrown at [./src/hotspot/share/prims/jni.cpp, line 615]
Event: 4333.808 Thread 0x0000026678cb7000 Exception <a 'java/lang/InterruptedException'{0x000000008cfaceb8}> (0x000000008cfaceb8) thrown at [./src/hotspot/share/runtime/objectMonitor.cpp, line 1635]

Events (20 events):
Event: 4346.523 loading class org/gradle/internal/normalization/java/impl/AnnotationMember done
Event: 4346.524 loading class org/gradle/internal/normalization/java/impl/ParameterAnnotationMember
Event: 4346.524 loading class org/gradle/internal/normalization/java/impl/ParameterAnnotationMember done
Event: 4346.525 loading class org/gradle/internal/hash/HashCode
Event: 4346.525 loading class org/gradle/internal/hash/HashCode done
Event: 4346.525 loading class org/gradle/internal/hash/HashCode
Event: 4346.525 loading class org/gradle/internal/hash/HashCode done
Event: 4346.526 loading class org/gradle/internal/normalization/java/impl/InnerClassMember
Event: 4346.526 loading class org/gradle/internal/normalization/java/impl/InnerClassMember done
Event: 4346.527 loading class org/gradle/internal/normalization/java/impl/FieldMember
Event: 4346.527 loading class org/gradle/internal/normalization/java/impl/FieldMember done
Event: 4346.527 loading class com/google/common/collect/Ordering$ArbitraryOrderingHolder
Event: 4346.527 loading class com/google/common/collect/Ordering$ArbitraryOrderingHolder done
Event: 4346.528 loading class com/google/common/collect/Ordering$ArbitraryOrdering
Event: 4346.528 loading class com/google/common/collect/Ordering$ArbitraryOrdering done
Event: 4346.529 loading class com/google/common/collect/MapMakerInternalMap$WeakKeyStrongValueEntry$Helper
Event: 4346.529 loading class com/google/common/collect/MapMakerInternalMap$WeakKeyStrongValueEntry$Helper done
Event: 4346.532 loading class com/google/common/collect/MapMakerInternalMap$WeakKeyStrongValueSegment
Event: 4346.532 loading class com/google/common/collect/MapMakerInternalMap$WeakKeyStrongValueSegment done
Event: 4346.545 Thread 0x0000026678cb3000 Thread added: 0x0000026678cb3000


Dynamic libraries:
0x00007ff740790000 - 0x00007ff74079a000 	C:\Program Files\Android\Android Studio\jre\bin\java.exe
0x00007ff9ae5b0000 - 0x00007ff9ae7a5000 	C:\Windows\SYSTEM32\ntdll.dll
0x00007ff9ad790000 - 0x00007ff9ad84e000 	C:\Windows\System32\KERNEL32.DLL
0x00007ff9ac320000 - 0x00007ff9ac5e8000 	C:\Windows\System32\KERNELBASE.dll
0x00007ff9ac220000 - 0x00007ff9ac320000 	C:\Windows\System32\ucrtbase.dll
0x00007ff985730000 - 0x00007ff985749000 	C:\Program Files\Android\Android Studio\jre\bin\jli.dll
0x00007ff9acc50000 - 0x00007ff9acdf1000 	C:\Windows\System32\USER32.dll
0x00007ff984ab0000 - 0x00007ff984ac7000 	C:\Program Files\Android\Android Studio\jre\bin\VCRUNTIME140.dll
0x00007ff9abe60000 - 0x00007ff9abe82000 	C:\Windows\System32\win32u.dll
0x00007ff9ace60000 - 0x00007ff9ace8b000 	C:\Windows\System32\GDI32.dll
0x00007ff999070000 - 0x00007ff99930a000 	C:\Windows\WinSxS\amd64_microsoft.windows.common-controls_6595b64144ccf1df_6.0.19041.1110_none_60b5254171f9507e\COMCTL32.dll
0x00007ff9abd20000 - 0x00007ff9abe2d000 	C:\Windows\System32\gdi32full.dll
0x00007ff9ac080000 - 0x00007ff9ac11d000 	C:\Windows\System32\msvcp_win.dll
0x00007ff9adff0000 - 0x00007ff9ae08e000 	C:\Windows\System32\msvcrt.dll
0x00007ff9aca60000 - 0x00007ff9aca90000 	C:\Windows\System32\IMM32.DLL
0x00007ff976830000 - 0x00007ff9768cd000 	C:\Program Files\Android\Android Studio\jre\bin\msvcp140.dll
0x00007ff95a950000 - 0x00007ff95b41f000 	C:\Program Files\Android\Android Studio\jre\bin\server\jvm.dll
0x00007ff9ac7d0000 - 0x00007ff9ac87c000 	C:\Windows\System32\ADVAPI32.dll
0x00007ff9ad6f0000 - 0x00007ff9ad78b000 	C:\Windows\System32\sechost.dll
0x00007ff9ac930000 - 0x00007ff9aca5a000 	C:\Windows\System32\RPCRT4.dll
0x00007ff9ad6e0000 - 0x00007ff9ad6e8000 	C:\Windows\System32\PSAPI.DLL
0x00007ff9a1ed0000 - 0x00007ff9a1eda000 	C:\Windows\SYSTEM32\VERSION.dll
0x00007ff988210000 - 0x00007ff988237000 	C:\Windows\SYSTEM32\WINMM.dll
0x00007ff995ff0000 - 0x00007ff995ff9000 	C:\Windows\SYSTEM32\WSOCK32.dll
0x00007ff9ada20000 - 0x00007ff9ada8b000 	C:\Windows\System32\WS2_32.dll
0x00007ff9aa570000 - 0x00007ff9aa582000 	C:\Windows\SYSTEM32\kernel.appcore.dll
0x00007ff9a6590000 - 0x00007ff9a65a1000 	C:\Program Files\Android\Android Studio\jre\bin\verify.dll
0x00007ff9a9aa0000 - 0x00007ff9a9c84000 	C:\Windows\SYSTEM32\DBGHELP.DLL
0x00007ff9a6d80000 - 0x00007ff9a6dac000 	C:\Windows\SYSTEM32\dbgcore.DLL
0x00007ff9abe90000 - 0x00007ff9abf12000 	C:\Windows\System32\bcryptPrimitives.dll
0x00007ff9a27b0000 - 0x00007ff9a27d9000 	C:\Program Files\Android\Android Studio\jre\bin\java.dll
0x00007ff9a80a0000 - 0x00007ff9a80ab000 	C:\Program Files\Android\Android Studio\jre\bin\jimage.dll
0x00007ff9a64f0000 - 0x00007ff9a6508000 	C:\Program Files\Android\Android Studio\jre\bin\zip.dll
0x00007ff9acf70000 - 0x00007ff9ad6b4000 	C:\Windows\System32\SHELL32.dll
0x00007ff9a9c90000 - 0x00007ff9aa424000 	C:\Windows\SYSTEM32\windows.storage.dll
0x00007ff9ae210000 - 0x00007ff9ae565000 	C:\Windows\System32\combase.dll
0x00007ff9ab710000 - 0x00007ff9ab73e000 	C:\Windows\SYSTEM32\Wldp.dll
0x00007ff9ac880000 - 0x00007ff9ac92d000 	C:\Windows\System32\SHCORE.dll
0x00007ff9aca90000 - 0x00007ff9acae5000 	C:\Windows\System32\shlwapi.dll
0x00007ff9abc00000 - 0x00007ff9abc1f000 	C:\Windows\SYSTEM32\profapi.dll
0x00007ff9a3e90000 - 0x00007ff9a3eaa000 	C:\Program Files\Android\Android Studio\jre\bin\net.dll
0x00007ff99a900000 - 0x00007ff99aa0c000 	C:\Windows\SYSTEM32\WINHTTP.dll
0x00007ff9ab470000 - 0x00007ff9ab4da000 	C:\Windows\system32\mswsock.dll
0x00007ff9a2700000 - 0x00007ff9a2714000 	C:\Program Files\Android\Android Studio\jre\bin\nio.dll
0x00007ff99d690000 - 0x00007ff99d6b7000 	C:\Users\usuario\.gradle\native\8bec1ad78214c89d9ad589b4d07fe93259594b29d510b10fafb7a158f7737e5d\windows-amd64\native-platform.dll
0x00007ff981f20000 - 0x00007ff98205d000 	C:\Users\usuario\.gradle\native\53dbd7edfb1c66fb8903c78663c9afc45aea4f116125fa6feffd364cf09443e8\windows-amd64\native-platform-file-events.dll
0x00007ff9a6ce0000 - 0x00007ff9a6cea000 	C:\Program Files\Android\Android Studio\jre\bin\management.dll
0x00007ff9a6cc0000 - 0x00007ff9a6ccc000 	C:\Program Files\Android\Android Studio\jre\bin\management_ext.dll
0x00007ff9ab660000 - 0x00007ff9ab678000 	C:\Windows\SYSTEM32\CRYPTSP.dll
0x00007ff9aad80000 - 0x00007ff9aadb4000 	C:\Windows\system32\rsaenh.dll
0x00007ff9abe30000 - 0x00007ff9abe57000 	C:\Windows\System32\bcrypt.dll
0x00007ff9abb80000 - 0x00007ff9abbae000 	C:\Windows\SYSTEM32\USERENV.dll
0x00007ff9ab680000 - 0x00007ff9ab68c000 	C:\Windows\SYSTEM32\CRYPTBASE.dll
0x00007ff9ab110000 - 0x00007ff9ab14b000 	C:\Windows\SYSTEM32\IPHLPAPI.DLL
0x00007ff9ad850000 - 0x00007ff9ad858000 	C:\Windows\System32\NSI.dll
0x00007ff99d280000 - 0x00007ff99d297000 	C:\Windows\SYSTEM32\dhcpcsvc6.DLL
0x00007ff99d100000 - 0x00007ff99d11d000 	C:\Windows\SYSTEM32\dhcpcsvc.DLL
0x00007ff9ab160000 - 0x00007ff9ab22b000 	C:\Windows\SYSTEM32\DNSAPI.dll
0x00007ff99a820000 - 0x00007ff99a83e000 	C:\Users\usuario\AppData\Local\Temp\native-platform17994229853776329084dir\native-platform.dll
0x00007ff99bab0000 - 0x00007ff99bab8000 	C:\Program Files\Android\Android Studio\jre\bin\rmi.dll

dbghelp: loaded successfully - version: 4.0.5 - missing functions: none
symbol engine: initialized successfully - sym options: 0x614 - pdb path: .;C:\Program Files\Android\Android Studio\jre\bin;C:\Windows\SYSTEM32;C:\Windows\WinSxS\amd64_microsoft.windows.common-controls_6595b64144ccf1df_6.0.19041.1110_none_60b5254171f9507e;C:\Program Files\Android\Android Studio\jre\bin\server;C:\Users\usuario\.gradle\native\8bec1ad78214c89d9ad589b4d07fe93259594b29d510b10fafb7a158f7737e5d\windows-amd64;C:\Users\usuario\.gradle\native\53dbd7edfb1c66fb8903c78663c9afc45aea4f116125fa6feffd364cf09443e8\windows-amd64;C:\Users\usuario\AppData\Local\Temp\native-platform17994229853776329084dir

VM Arguments:
jvm_args: --add-opens=java.base/java.util=ALL-UNNAMED --add-opens=java.base/java.lang=ALL-UNNAMED --add-opens=java.base/java.lang.invoke=ALL-UNNAMED --add-opens=java.base/java.util=ALL-UNNAMED --add-opens=java.prefs/java.util.prefs=ALL-UNNAMED --add-opens=java.prefs/java.util.prefs=ALL-UNNAMED --add-opens=java.base/java.nio.charset=ALL-UNNAMED --add-opens=java.base/java.net=ALL-UNNAMED --add-opens=java.base/java.util.concurrent.atomic=ALL-UNNAMED -Xmx2048m -Dfile.encoding=UTF-8 -Duser.country=BR -Duser.language=pt -Duser.variant 
java_command: org.gradle.launcher.daemon.bootstrap.GradleDaemon 7.0.2
java_class_path (initial): C:\Users\usuario\.gradle\wrapper\dists\gradle-7.0.2-bin\857tjihv64xamwrf0h14cai3r\gradle-7.0.2\lib\gradle-launcher-7.0.2.jar
Launcher Type: SUN_STANDARD

[Global flags]
     intx CICompilerCount                          = 3                                         {product} {ergonomic}
     uint ConcGCThreads                            = 1                                         {product} {ergonomic}
     uint G1ConcRefinementThreads                  = 4                                         {product} {ergonomic}
   size_t G1HeapRegionSize                         = 1048576                                   {product} {ergonomic}
    uintx GCDrainStackTargetSize                   = 64                                        {product} {ergonomic}
   size_t InitialHeapSize                          = 134217728                                 {product} {ergonomic}
   size_t MarkStackSize                            = 4194304                                   {product} {ergonomic}
   size_t MaxHeapSize                              = 2147483648                                {product} {command line}
   size_t MaxNewSize                               = 1287651328                                {product} {ergonomic}
   size_t MinHeapDeltaBytes                        = 1048576                                   {product} {ergonomic}
    uintx NonNMethodCodeHeapSize                   = 5830732                                {pd product} {ergonomic}
    uintx NonProfiledCodeHeapSize                  = 122913754                              {pd product} {ergonomic}
    uintx ProfiledCodeHeapSize                     = 122913754                              {pd product} {ergonomic}
    uintx ReservedCodeCacheSize                    = 251658240                              {pd product} {ergonomic}
     bool SegmentedCodeCache                       = true                                      {product} {ergonomic}
     bool UseCompressedClassPointers               = true                                 {lp64_product} {ergonomic}
     bool UseCompressedOops                        = true                                 {lp64_product} {ergonomic}
     bool UseG1GC                                  = true                                      {product} {ergonomic}
     bool UseLargePagesIndividualAllocation        = false                                  {pd product} {ergonomic}

Logging:
Log output configuration:
 #0: stdout all=warning uptime,level,tags
 #1: stderr all=off uptime,level,tags

Environment Variables:
JAVA_HOME=C:\Program Files\Java\jdk-17.0.1
PATH=C:\Program Files\Common Files\Oracle\Java\javapath;C:\Windows\system32;C:\Windows;C:\Windows\System32\Wbem;C:\Windows\System32\WindowsPowerShell\v1.0\;C:\Windows\System32\OpenSSH\;C:\Program Files (x86)\Intel\Intel(R) Management Engine Components\DAL;C:\Program Files\Intel\Intel(R) Management Engine Components\DAL;C:\ProgramData\UNIVALI\Portugol Studio;C:\Program Files\Git\cmd;C:\Program Files\Java\jdk-17.0.1\bin;C:\Users\usuario\AppData\Local\Microsoft\WindowsApps;;C:\Program Files\JetBrains\IntelliJ IDEA Community Edition 2021.2.2\bin;
USERNAME=usuario
OS=Windows_NT
PROCESSOR_IDENTIFIER=Intel64 Family 6 Model 78 Stepping 3, GenuineIntel



---------------  S Y S T E M  ---------------

OS: Windows 10 , 64 bit Build 19041 (10.0.19041.1348)
OS uptime: 1 days 0:28 hours

CPU:total 4 (initial active 4) (2 cores per cpu, 2 threads per core) family 6 model 78 stepping 3 microcode 0xea, cmov, cx8, fxsr, mmx, sse, sse2, sse3, ssse3, sse4.1, sse4.2, popcnt, avx, avx2, aes, clmul, erms, 3dnowpref, lzcnt, ht, tsc, tscinvbit, bmi1, bmi2, adx, fma

Memory: 4k page, system-wide physical 8083M (1428M free)
TotalPageFile size 12179M (AvailPageFile size 3M)
current process WorkingSet (physical memory assigned to process): 388M, peak: 496M
current process commit charge ("private bytes"): 568M, peak: 578M

vm_info: OpenJDK 64-Bit Server VM (11.0.10+0-b96-7249189) for windows-amd64 JRE (11.0.10+0-b96-7249189), built on Mar 31 2021 21:44:00 by "builder" with MS VC++ 14.0 (VS2015)

END.
